Using pre-set license
Built from '2020.2/release' branch; Version is '2020.2.1f1 (270dd8c3da1c) revision 2559448'; Using compiler version '192528614'; Build Type 'Release'
OS: 'Windows 10  (10.0.0) 64bit' Language: 'en' Physical Memory: 16242 MB
BatchMode: 1, IsHumanControllingUs: 0, StartBugReporterOnCrash: 0, Is64bit: 1, IsPro: 0

 COMMAND LINE ARGUMENTS:
C:\Program Files\Unity\Hub\Editor\2020.2.1f1\Editor\Unity.exe
-adb2
-batchMode
-noUpm
-name
AssetImportWorker0
-projectPath
C:/Users/23alexl/Desktop/FloppyBird/FloppyBird/FlappyBird/FlappyBird
-logFile
Logs/AssetImportWorker0.log
-srvPort
53235
Successfully changed project path to: C:/Users/23alexl/Desktop/FloppyBird/FloppyBird/FlappyBird/FlappyBird
C:/Users/23alexl/Desktop/FloppyBird/FloppyBird/FlappyBird/FlappyBird
Using Asset Import Pipeline V2.
Refreshing native plugins compatible for Editor in 31.77 ms, found 0 plugins.
Preloading 0 native plugins for Editor in 0.00 ms.
Initialize engine version: 2020.2.1f1 (270dd8c3da1c)
[Subsystems] Discovering subsystems at path C:/Program Files/Unity/Hub/Editor/2020.2.1f1/Editor/Data/Resources/UnitySubsystems
[Subsystems] Discovering subsystems at path C:/Users/23alexl/Desktop/FloppyBird/FloppyBird/FlappyBird/FlappyBird/Assets
GfxDevice: creating device client; threaded=0
Direct3D:
    Version:  Direct3D 11.0 [level 11.1]
    Renderer: NVIDIA GeForce GTX 1050 Ti (ID=0x1c82)
    Vendor:   
    VRAM:     4018 MB
    Driver:   27.21.14.6192
Initialize mono
Mono path[0] = 'C:/Program Files/Unity/Hub/Editor/2020.2.1f1/Editor/Data/Managed'
Mono path[1] = 'C:/Program Files/Unity/Hub/Editor/2020.2.1f1/Editor/Data/MonoBleedingEdge/lib/mono/unityjit'
Mono config path = 'C:/Program Files/Unity/Hub/Editor/2020.2.1f1/Editor/Data/MonoBleedingEdge/etc'
Using monoOptions --debugger-agent=transport=dt_socket,embedding=1,server=y,suspend=n,address=127.0.0.1:56268
Begin MonoManager ReloadAssembly
Registering precompiled unity dll's ...
Register platform support module: C:/Program Files/Unity/Hub/Editor/2020.2.1f1/Editor/Data/PlaybackEngines/WebGLSupport/UnityEditor.WebGL.Extensions.dll
Register platform support module: C:/Program Files/Unity/Hub/Editor/2020.2.1f1/Editor/Data/PlaybackEngines/WindowsStandaloneSupport/UnityEditor.WindowsStandalone.Extensions.dll
Registered in 0.002296 seconds.
Native extension for WindowsStandalone target not found
Native extension for WebGL target not found
Refreshing native plugins compatible for Editor in 23.64 ms, found 0 plugins.
Preloading 0 native plugins for Editor in 0.00 ms.
Invoked RoslynAnalysisRunner static constructor.
RoslynAnalysisRunner will not be running.
RoslynAnalysisRunner has terminated.
Mono: successfully reloaded assembly
- Completed reload, in  2.193 seconds
Platform modules already initialized, skipping
Registering precompiled user dll's ...
Registered in 0.000658 seconds.
Begin MonoManager ReloadAssembly
Native extension for WindowsStandalone target not found
Native extension for WebGL target not found
Refreshing native plugins compatible for Editor in 0.30 ms, found 0 plugins.
Preloading 0 native plugins for Editor in 0.00 ms.
Invoked RoslynAnalysisRunner static constructor.
RoslynAnalysisRunner will not be running.
RoslynAnalysisRunner has terminated.
Mono: successfully reloaded assembly
- Completed reload, in  0.968 seconds
Platform modules already initialized, skipping
========================================================================
Worker process is ready to serve import requests
Launched and connected shader compiler UnityShaderCompiler.exe after 0.03 seconds
Refreshing native plugins compatible for Editor in 0.19 ms, found 0 plugins.
Preloading 0 native plugins for Editor in 0.00 ms.
Unloading 1101 Unused Serialized files (Serialized files now loaded: 0)
System memory in use before: 56.1 MB.
System memory in use after: 56.2 MB.

Unloading 9 unused Assets to reduce memory usage. Loaded Objects now: 1539.
Total: 1.995400 ms (FindLiveObjects: 0.135700 ms CreateObjectMapping: 0.037300 ms MarkObjects: 1.779400 ms  DeleteObjects: 0.042000 ms)

========================================================================
Received Import Request.
  path: Assets/sprites/DaBabyClouds.prefab
  artifactKey: Guid(6f91ce9caa19ed44dbadaeccf48da50e) Importer(815301076,1909f56bfc062723c751e8b465ee728b)
Start importing Assets/sprites/DaBabyClouds.prefab using Guid(6f91ce9caa19ed44dbadaeccf48da50e) Importer(815301076,1909f56bfc062723c751e8b465ee728b)  -> (artifact id: '0e53119f1772a3063cbadc775c9b2e8d') in 0.171133 seconds
  Import took 0.184961 seconds .

========================================================================
Received Prepare
Registering precompiled user dll's ...
Registered in 0.000972 seconds.
Begin MonoManager ReloadAssembly
Native extension for WindowsStandalone target not found
Native extension for WebGL target not found
Refreshing native plugins compatible for Editor in 0.18 ms, found 0 plugins.
Preloading 0 native plugins for Editor in 0.00 ms.
Invoked RoslynAnalysisRunner static constructor.
RoslynAnalysisRunner will not be running.
RoslynAnalysisRunner has terminated.
Mono: successfully reloaded assembly
- Completed reload, in  0.681 seconds
Platform modules already initialized, skipping
Refreshing native plugins compatible for Editor in 0.18 ms, found 0 plugins.
Preloading 0 native plugins for Editor in 0.00 ms.
Unloading 1097 Unused Serialized files (Serialized files now loaded: 0)
System memory in use before: 59.0 MB.
System memory in use after: 59.1 MB.

Unloading 4 unused Assets to reduce memory usage. Loaded Objects now: 1548.
Total: 1.736200 ms (FindLiveObjects: 0.199400 ms CreateObjectMapping: 0.044000 ms MarkObjects: 1.476900 ms  DeleteObjects: 0.013900 ms)

========================================================================
Received Import Request.
  Time since last request: 175.309680 seconds.
  path: Assets/sprites/DaBabyClouds.prefab
  artifactKey: Guid(6f91ce9caa19ed44dbadaeccf48da50e) Importer(815301076,1909f56bfc062723c751e8b465ee728b)
Start importing Assets/sprites/DaBabyClouds.prefab using Guid(6f91ce9caa19ed44dbadaeccf48da50e) Importer(815301076,1909f56bfc062723c751e8b465ee728b)  -> (artifact id: '7aad9d7850f33d759f57eabb80af36bd') in 0.086309 seconds
  Import took 0.088254 seconds .

========================================================================
Received Import Request.
  Time since last request: 11.297389 seconds.
  path: Assets/sprites/DaBabyClouds.prefab
  artifactKey: Guid(6f91ce9caa19ed44dbadaeccf48da50e) Importer(815301076,1909f56bfc062723c751e8b465ee728b)
Start importing Assets/sprites/DaBabyClouds.prefab using Guid(6f91ce9caa19ed44dbadaeccf48da50e) Importer(815301076,1909f56bfc062723c751e8b465ee728b)  -> (artifact id: 'b361b8ec5e206f17d2cd8603409b7784') in 0.032266 seconds
  Import took 0.052270 seconds .

========================================================================
Received Import Request.
  Time since last request: 86.846424 seconds.
  path: Assets/prefabs/birdTrail.mat
  artifactKey: Guid(4988960132bd07b429c56ea71a48277e) Importer(815301076,1909f56bfc062723c751e8b465ee728b)
Start importing Assets/prefabs/birdTrail.mat using Guid(4988960132bd07b429c56ea71a48277e) Importer(815301076,1909f56bfc062723c751e8b465ee728b)  -> (artifact id: '6bfada95cfcc55006e48d2f6eadcc544') in 0.149592 seconds
  Import took 0.164320 seconds .

========================================================================
Received Import Request.
  Time since last request: 0.001347 seconds.
  path: Assets/prefabs/Pipe.prefab
  artifactKey: Guid(b2d6cf83fe58153479f83d727649634d) Importer(815301076,1909f56bfc062723c751e8b465ee728b)
Start importing Assets/prefabs/Pipe.prefab using Guid(b2d6cf83fe58153479f83d727649634d) Importer(815301076,1909f56bfc062723c751e8b465ee728b)  -> (artifact id: 'efdec25b52ac682cf74013e47ffa664f') in 0.097362 seconds
  Import took 0.101706 seconds .

========================================================================
Received Import Request.
  Time since last request: 0.000173 seconds.
  path: Assets/prefabs/stars.prefab
  artifactKey: Guid(6154db0b6b38b40448e8eefd8529321c) Importer(815301076,1909f56bfc062723c751e8b465ee728b)
Start importing Assets/prefabs/stars.prefab using Guid(6154db0b6b38b40448e8eefd8529321c) Importer(815301076,1909f56bfc062723c751e8b465ee728b)  -> (artifact id: '9efca3d69451c07ec3b369a2121c26eb') in 0.045610 seconds
  Import took 0.060359 seconds .

========================================================================
Received Import Request.
  Time since last request: 0.000175 seconds.
  path: Assets/prefabs/Pipe 1.prefab
  artifactKey: Guid(23bdc472d63a8a346aaf0f2172c2aab7) Importer(815301076,1909f56bfc062723c751e8b465ee728b)
Start importing Assets/prefabs/Pipe 1.prefab using Guid(23bdc472d63a8a346aaf0f2172c2aab7) Importer(815301076,1909f56bfc062723c751e8b465ee728b)  -> (artifact id: '885e693ce8f9acfa76065093f7ceced6') in 0.019968 seconds
  Import took 0.074644 seconds .

========================================================================
Received Import Request.
  Time since last request: 0.000153 seconds.
  path: Assets/prefabs/clouds.prefab
  artifactKey: Guid(6b0823fbb239bc445a9cb9fd866b5da5) Importer(815301076,1909f56bfc062723c751e8b465ee728b)
Start importing Assets/prefabs/clouds.prefab using Guid(6b0823fbb239bc445a9cb9fd866b5da5) Importer(815301076,1909f56bfc062723c751e8b465ee728b)  -> (artifact id: 'b8abe42810c70ff16945a5661e75d7c4') in 0.078139 seconds
  Import took 0.141541 seconds .

========================================================================
Received Import Request.
  Time since last request: 0.003177 seconds.
  path: Assets/prefabs/clouds.prefab
  artifactKey: Guid(6b0823fbb239bc445a9cb9fd866b5da5) Importer(815301076,1909f56bfc062723c751e8b465ee728b)
Start importing Assets/prefabs/clouds.prefab using Guid(6b0823fbb239bc445a9cb9fd866b5da5) Importer(815301076,1909f56bfc062723c751e8b465ee728b)  -> (artifact id: 'b8abe42810c70ff16945a5661e75d7c4') in 0.030436 seconds
  Import took 0.032646 seconds .

========================================================================
Received Prepare
Registering precompiled user dll's ...
Registered in 0.000600 seconds.
Begin MonoManager ReloadAssembly
Native extension for WindowsStandalone target not found
Native extension for WebGL target not found
Refreshing native plugins compatible for Editor in 0.18 ms, found 0 plugins.
Preloading 0 native plugins for Editor in 0.00 ms.
Invoked RoslynAnalysisRunner static constructor.
RoslynAnalysisRunner will not be running.
RoslynAnalysisRunner has terminated.
Mono: successfully reloaded assembly
- Completed reload, in  0.686 seconds
Platform modules already initialized, skipping
Refreshing native plugins compatible for Editor in 0.20 ms, found 0 plugins.
Preloading 0 native plugins for Editor in 0.00 ms.
Unloading 1098 Unused Serialized files (Serialized files now loaded: 0)
System memory in use before: 59.4 MB.
System memory in use after: 59.5 MB.

Unloading 4 unused Assets to reduce memory usage. Loaded Objects now: 1585.
Total: 1.640100 ms (FindLiveObjects: 0.129900 ms CreateObjectMapping: 0.041000 ms MarkObjects: 1.452700 ms  DeleteObjects: 0.015500 ms)

========================================================================
Received Import Request.
  Time since last request: 55.712441 seconds.
  path: Assets/sprites/DaBabyClouds.png
  artifactKey: Guid(d1d7950eeabe2dc4baf7645b0a924874) Importer(815301076,1909f56bfc062723c751e8b465ee728b)
Start importing Assets/sprites/DaBabyClouds.png using Guid(d1d7950eeabe2dc4baf7645b0a924874) Importer(815301076,1909f56bfc062723c751e8b465ee728b)  -> (artifact id: 'fed70227baa953dd21873dace0e79b28') in 0.100510 seconds
  Import took 0.111226 seconds .

========================================================================
Received Prepare
Registering precompiled user dll's ...
Registered in 0.000616 seconds.
Begin MonoManager ReloadAssembly
Native extension for WindowsStandalone target not found
Native extension for WebGL target not found
Refreshing native plugins compatible for Editor in 0.19 ms, found 0 plugins.
Preloading 0 native plugins for Editor in 0.00 ms.
Invoked RoslynAnalysisRunner static constructor.
RoslynAnalysisRunner will not be running.
RoslynAnalysisRunner has terminated.
Mono: successfully reloaded assembly
- Completed reload, in  0.690 seconds
Platform modules already initialized, skipping
Refreshing native plugins compatible for Editor in 0.18 ms, found 0 plugins.
Preloading 0 native plugins for Editor in 0.00 ms.
Unloading 1098 Unused Serialized files (Serialized files now loaded: 0)
System memory in use before: 59.5 MB.
System memory in use after: 59.6 MB.

Unloading 4 unused Assets to reduce memory usage. Loaded Objects now: 1591.
Total: 2.301500 ms (FindLiveObjects: 0.262700 ms CreateObjectMapping: 0.107900 ms MarkObjects: 1.905400 ms  DeleteObjects: 0.024000 ms)

========================================================================
Received Import Request.
  Time since last request: 442.506071 seconds.
  path: Assets/sprites/clouds.png
  artifactKey: Guid(5ecebc34617977a48b8864c7038d0bff) Importer(815301076,1909f56bfc062723c751e8b465ee728b)
Start importing Assets/sprites/clouds.png using Guid(5ecebc34617977a48b8864c7038d0bff) Importer(815301076,1909f56bfc062723c751e8b465ee728b)  -> (artifact id: '228d7d195cf162df2fff9e17a0d1f65b') in 0.084058 seconds
  Import took 0.102461 seconds .

========================================================================
Received Prepare
Registering precompiled user dll's ...
Registered in 0.001204 seconds.
Begin MonoManager ReloadAssembly
Native extension for WindowsStandalone target not found
Native extension for WebGL target not found
Refreshing native plugins compatible for Editor in 0.39 ms, found 0 plugins.
Preloading 0 native plugins for Editor in 0.00 ms.
Invoked RoslynAnalysisRunner static constructor.
RoslynAnalysisRunner will not be running.
RoslynAnalysisRunner has terminated.
Mono: successfully reloaded assembly
- Completed reload, in  1.075 seconds
Platform modules already initialized, skipping
Refreshing native plugins compatible for Editor in 0.18 ms, found 0 plugins.
Preloading 0 native plugins for Editor in 0.00 ms.
Unloading 1098 Unused Serialized files (Serialized files now loaded: 0)
System memory in use before: 59.5 MB.
System memory in use after: 59.6 MB.

Unloading 4 unused Assets to reduce memory usage. Loaded Objects now: 1594.
Total: 1.546800 ms (FindLiveObjects: 0.207600 ms CreateObjectMapping: 0.047700 ms MarkObjects: 1.277400 ms  DeleteObjects: 0.013100 ms)

========================================================================
Received Prepare
Registering precompiled user dll's ...
Registered in 0.000746 seconds.
Begin MonoManager ReloadAssembly
Native extension for WindowsStandalone target not found
Native extension for WebGL target not found
Refreshing native plugins compatible for Editor in 0.18 ms, found 0 plugins.
Preloading 0 native plugins for Editor in 0.00 ms.
Invoked RoslynAnalysisRunner static constructor.
RoslynAnalysisRunner will not be running.
RoslynAnalysisRunner has terminated.
Mono: successfully reloaded assembly
- Completed reload, in  0.718 seconds
Platform modules already initialized, skipping
Refreshing native plugins compatible for Editor in 0.18 ms, found 0 plugins.
Preloading 0 native plugins for Editor in 0.00 ms.
Unloading 1098 Unused Serialized files (Serialized files now loaded: 0)
System memory in use before: 59.6 MB.
System memory in use after: 59.7 MB.

Unloading 4 unused Assets to reduce memory usage. Loaded Objects now: 1596.
Total: 1.721700 ms (FindLiveObjects: 0.170800 ms CreateObjectMapping: 0.037000 ms MarkObjects: 1.499400 ms  DeleteObjects: 0.013300 ms)

========================================================================
Received Import Request.
  Time since last request: 870.795565 seconds.
  path: Assets/sounds/Dababy - BOP [Official Instrumental].mp3
  artifactKey: Guid(4443d0fe37c55904ea7bdf9ec8c615dd) Importer(815301076,1909f56bfc062723c751e8b465ee728b)
Start importing Assets/sounds/Dababy - BOP [Official Instrumental].mp3 using Guid(4443d0fe37c55904ea7bdf9ec8c615dd) Importer(815301076,1909f56bfc062723c751e8b465ee728b)  -> (artifact id: '418997a830f1e0510f1b1ef01d6a8d4b') in 0.094732 seconds
  Import took 0.098448 seconds .

========================================================================
Received Prepare
Registering precompiled user dll's ...
Registered in 0.000677 seconds.
Begin MonoManager ReloadAssembly
Native extension for WindowsStandalone target not found
Native extension for WebGL target not found
Refreshing native plugins compatible for Editor in 0.28 ms, found 0 plugins.
Preloading 0 native plugins for Editor in 0.00 ms.
Invoked RoslynAnalysisRunner static constructor.
RoslynAnalysisRunner will not be running.
RoslynAnalysisRunner has terminated.
Mono: successfully reloaded assembly
- Completed reload, in  1.465 seconds
Platform modules already initialized, skipping
Refreshing native plugins compatible for Editor in 0.29 ms, found 0 plugins.
Preloading 0 native plugins for Editor in 0.00 ms.
Unloading 1098 Unused Serialized files (Serialized files now loaded: 0)
System memory in use before: 59.7 MB.
System memory in use after: 59.8 MB.

Unloading 4 unused Assets to reduce memory usage. Loaded Objects now: 1601.
Total: 2.281700 ms (FindLiveObjects: 0.183300 ms CreateObjectMapping: 0.050600 ms MarkObjects: 2.027300 ms  DeleteObjects: 0.018800 ms)

